  main.cpp
D:\OpenGL\opengl\opengl\main.cpp(17,29): warning C4305: '인수': 'double'에서 'GLfloat'(으)로 잘립니다.
D:\OpenGL\opengl\opengl\main.cpp(22,29): warning C4305: '인수': 'double'에서 'GLfloat'(으)로 잘립니다.
D:\OpenGL\opengl\opengl\main.cpp(30,30): warning C4305: '인수': 'double'에서 'GLfloat'(으)로 잘립니다.
main.obj : error LNK2001: __imp__glPopMatrix@0 외부 기호를 확인할 수 없습니다.
main.obj : error LNK2001: __imp__glClear@4 외부 기호를 확인할 수 없습니다.
main.obj : error LNK2001: __imp__glRotated@32 외부 기호를 확인할 수 없습니다.
main.obj : error LNK2001: __imp__glMatrixMode@4 외부 기호를 확인할 수 없습니다.
main.obj : error LNK2001: _glutCreateWindow@4 외부 기호를 확인할 수 없습니다.
main.obj : error LNK2001: __imp__glColor3f@12 외부 기호를 확인할 수 없습니다.
main.obj : error LNK2001: __imp__glLoadIdentity@0 외부 기호를 확인할 수 없습니다.
main.obj : error LNK2001: _glutInitDisplayMode@4 외부 기호를 확인할 수 없습니다.
main.obj : error LNK2001: _glutSolidTeapot@8 외부 기호를 확인할 수 없습니다.
main.obj : error LNK2001: __imp__glClearColor@16 외부 기호를 확인할 수 없습니다.
main.obj : error LNK2001: __imp__glTranslatef@12 외부 기호를 확인할 수 없습니다.
main.obj : error LNK2001: __imp__glFlush@0 외부 기호를 확인할 수 없습니다.
main.obj : error LNK2001: _glutDisplayFunc@4 외부 기호를 확인할 수 없습니다.
main.obj : error LNK2001: __imp__glScalef@12 외부 기호를 확인할 수 없습니다.
main.obj : error LNK2001: _glutMainLoop@0 외부 기호를 확인할 수 없습니다.
main.obj : error LNK2001: _glutInitWindowPosition@8 외부 기호를 확인할 수 없습니다.
main.obj : error LNK2001: __imp__glPushMatrix@0 외부 기호를 확인할 수 없습니다.
main.obj : error LNK2001: _glutInitWindowSize@8 외부 기호를 확인할 수 없습니다.
main.obj : error LNK2001: __imp__glOrtho@48 외부 기호를 확인할 수 없습니다.
D:\OpenGL\opengl\Release\opengl.exe : fatal error LNK1120: 19개의 확인할 수 없는 외부 참조입니다.
