  main.cpp
C:\Program Files (x86)\Windows Kits\10\Include\10.0.18362.0\um\GL\gl.h(1157,11): error C2144: 구문 오류: void'은(는) ';' 다음에 와야 합니다.
C:\Program Files (x86)\Windows Kits\10\Include\10.0.18362.0\um\GL\gl.h(1157,16): error C4430: 형식 지정자가 없습니다. int로 가정합니다. 참고: C++에서는 기본 int를 지원하지 않습니다.
C:\Program Files (x86)\Windows Kits\10\Include\10.0.18362.0\um\GL\gl.h(1157,33): error C2182: 'APIENTRY': 'void' 형식을 잘못 사용했습니다.
C:\Program Files (x86)\Windows Kits\10\Include\10.0.18362.0\um\GL\gl.h(1157,25): error C2146: 구문 오류: ';'이(가) 'glAccum' 식별자 앞에 없습니다.
C:\Program Files (x86)\Windows Kits\10\Include\10.0.18362.0\um\GL\gl.h(1157,59): error C4430: 형식 지정자가 없습니다. int로 가정합니다. 참고: C++에서는 기본 int를 지원하지 않습니다.
C:\Program Files (x86)\Windows Kits\10\Include\10.0.18362.0\um\GL\gl.h(1158,11): error C2144: 구문 오류: void'은(는) ';' 다음에 와야 합니다.
C:\Program Files (x86)\Windows Kits\10\Include\10.0.18362.0\um\GL\gl.h(1158,16): error C4430: 형식 지정자가 없습니다. int로 가정합니다. 참고: C++에서는 기본 int를 지원하지 않습니다.
C:\Program Files (x86)\Windows Kits\10\Include\10.0.18362.0\um\GL\gl.h(1158,1): error C2086: 'int WINGDIAPI': 재정의
C:\Program Files (x86)\Windows Kits\10\Include\10.0.18362.0\um\GL\gl.h(1157): message : 'WINGDIAPI' 선언을 참조하십시오.
C:\Program Files (x86)\Windows Kits\10\Include\10.0.18362.0\um\GL\gl.h(1158,37): error C2182: 'APIENTRY': 'void' 형식을 잘못 사용했습니다.
C:\Program Files (x86)\Windows Kits\10\Include\10.0.18362.0\um\GL\gl.h(1158,16): error C2086: 'int APIENTRY': 재정의
C:\Program Files (x86)\Windows Kits\10\Include\10.0.18362.0\um\GL\gl.h(1157): message : 'APIENTRY' 선언을 참조하십시오.
C:\Program Files (x86)\Windows Kits\10\Include\10.0.18362.0\um\GL\gl.h(1158,25): error C2146: 구문 오류: ';'이(가) 'glAlphaFunc' 식별자 앞에 없습니다.
C:\Program Files (x86)\Windows Kits\10\Include\10.0.18362.0\um\GL\gl.h(1158,64): error C4430: 형식 지정자가 없습니다. int로 가정합니다. 참고: C++에서는 기본 int를 지원하지 않습니다.
C:\Program Files (x86)\Windows Kits\10\Include\10.0.18362.0\um\GL\gl.h(1159,21): error C4430: 형식 지정자가 없습니다. int로 가정합니다. 참고: C++에서는 기본 int를 지원하지 않습니다.
C:\Program Files (x86)\Windows Kits\10\Include\10.0.18362.0\um\GL\gl.h(1159,1): error C2086: 'int WINGDIAPI': 재정의
C:\Program Files (x86)\Windows Kits\10\Include\10.0.18362.0\um\GL\gl.h(1157): message : 'WINGDIAPI' 선언을 참조하십시오.
C:\Program Files (x86)\Windows Kits\10\Include\10.0.18362.0\um\GL\gl.h(1159,11): error C2146: 구문 오류: ';'이(가) 'GLboolean' 식별자 앞에 없습니다.
C:\Program Files (x86)\Windows Kits\10\Include\10.0.18362.0\um\GL\gl.h(1160,11): error C2144: 구문 오류: void'은(는) ';' 다음에 와야 합니다.
C:\Program Files (x86)\Windows Kits\10\Include\10.0.18362.0\um\GL\gl.h(1160,16): error C4430: 형식 지정자가 없습니다. int로 가정합니다. 참고: C++에서는 기본 int를 지원하지 않습니다.
C:\Program Files (x86)\Windows Kits\10\Include\10.0.18362.0\um\GL\gl.h(1160,1): error C2086: 'int WINGDIAPI': 재정의
C:\Program Files (x86)\Windows Kits\10\Include\10.0.18362.0\um\GL\gl.h(1157): message : 'WINGDIAPI' 선언을 참조하십시오.
C:\Program Files (x86)\Windows Kits\10\Include\10.0.18362.0\um\GL\gl.h(1160,40): error C2182: 'APIENTRY': 'void' 형식을 잘못 사용했습니다.
C:\Program Files (x86)\Windows Kits\10\Include\10.0.18362.0\um\GL\gl.h(1160,16): error C2086: 'int APIENTRY': 재정의
C:\Program Files (x86)\Windows Kits\10\Include\10.0.18362.0\um\GL\gl.h(1157): message : 'APIENTRY' 선언을 참조하십시오.
C:\Program Files (x86)\Windows Kits\10\Include\10.0.18362.0\um\GL\gl.h(1160,25): error C2146: 구문 오류: ';'이(가) 'glArrayElement' 식별자 앞에 없습니다.
C:\Program Files (x86)\Windows Kits\10\Include\10.0.18362.0\um\GL\gl.h(1160,49): error C4430: 형식 지정자가 없습니다. int로 가정합니다. 참고: C++에서는 기본 int를 지원하지 않습니다.
C:\Program Files (x86)\Windows Kits\10\Include\10.0.18362.0\um\GL\gl.h(1161,11): error C2144: 구문 오류: void'은(는) ';' 다음에 와야 합니다.
C:\Program Files (x86)\Windows Kits\10\Include\10.0.18362.0\um\GL\gl.h(1161,16): error C4430: 형식 지정자가 없습니다. int로 가정합니다. 참고: C++에서는 기본 int를 지원하지 않습니다.
C:\Program Files (x86)\Windows Kits\10\Include\10.0.18362.0\um\GL\gl.h(1161,1): error C2086: 'int WINGDIAPI': 재정의
C:\Program Files (x86)\Windows Kits\10\Include\10.0.18362.0\um\GL\gl.h(1157): message : 'WINGDIAPI' 선언을 참조하십시오.
C:\Program Files (x86)\Windows Kits\10\Include\10.0.18362.0\um\GL\gl.h(1161,33): error C2182: 'APIENTRY': 'void' 형식을 잘못 사용했습니다.
C:\Program Files (x86)\Windows Kits\10\Include\10.0.18362.0\um\GL\gl.h(1161,16): error C2086: 'int APIENTRY': 재정의
C:\Program Files (x86)\Windows Kits\10\Include\10.0.18362.0\um\GL\gl.h(1157): message : 'APIENTRY' 선언을 참조하십시오.
C:\Program Files (x86)\Windows Kits\10\Include\10.0.18362.0\um\GL\gl.h(1161,25): error C2146: 구문 오류: ';'이(가) 'glBegin' 식별자 앞에 없습니다.
C:\Program Files (x86)\Windows Kits\10\Include\10.0.18362.0\um\GL\gl.h(1161,46): error C4430: 형식 지정자가 없습니다. int로 가정합니다. 참고: C++에서는 기본 int를 지원하지 않습니다.
C:\Program Files (x86)\Windows Kits\10\Include\10.0.18362.0\um\GL\gl.h(1162,11): error C2144: 구문 오류: void'은(는) ';' 다음에 와야 합니다.
C:\Program Files (x86)\Windows Kits\10\Include\10.0.18362.0\um\GL\gl.h(1162,16): error C4430: 형식 지정자가 없습니다. int로 가정합니다. 참고: C++에서는 기본 int를 지원하지 않습니다.
C:\Program Files (x86)\Windows Kits\10\Include\10.0.18362.0\um\GL\gl.h(1162,1): error C2086: 'int WINGDIAPI': 재정의
C:\Program Files (x86)\Windows Kits\10\Include\10.0.18362.0\um\GL\gl.h(1157): message : 'WINGDIAPI' 선언을 참조하십시오.
C:\Program Files (x86)\Windows Kits\10\Include\10.0.18362.0\um\GL\gl.h(1162,39): error C2182: 'APIENTRY': 'void' 형식을 잘못 사용했습니다.
C:\Program Files (x86)\Windows Kits\10\Include\10.0.18362.0\um\GL\gl.h(1162,16): error C2086: 'int APIENTRY': 재정의
C:\Program Files (x86)\Windows Kits\10\Include\10.0.18362.0\um\GL\gl.h(1157): message : 'APIENTRY' 선언을 참조하십시오.
C:\Program Files (x86)\Windows Kits\10\Include\10.0.18362.0\um\GL\gl.h(1162,25): error C2146: 구문 오류: ';'이(가) 'glBindTexture' 식별자 앞에 없습니다.
C:\Program Files (x86)\Windows Kits\10\Include\10.0.18362.0\um\GL\gl.h(1162,70): error C4430: 형식 지정자가 없습니다. int로 가정합니다. 참고: C++에서는 기본 int를 지원하지 않습니다.
C:\Program Files (x86)\Windows Kits\10\Include\10.0.18362.0\um\GL\gl.h(1163,11): error C2144: 구문 오류: void'은(는) ';' 다음에 와야 합니다.
C:\Program Files (x86)\Windows Kits\10\Include\10.0.18362.0\um\GL\gl.h(1163,16): error C4430: 형식 지정자가 없습니다. int로 가정합니다. 참고: C++에서는 기본 int를 지원하지 않습니다.
C:\Program Files (x86)\Windows Kits\10\Include\10.0.18362.0\um\GL\gl.h(1163,1): error C2086: 'int WINGDIAPI': 재정의
C:\Program Files (x86)\Windows Kits\10\Include\10.0.18362.0\um\GL\gl.h(1157): message : 'WINGDIAPI' 선언을 참조하십시오.
C:\Program Files (x86)\Windows Kits\10\Include\10.0.18362.0\um\GL\gl.h(1163,34): error C2182: 'APIENTRY': 'void' 형식을 잘못 사용했습니다.
C:\Program Files (x86)\Windows Kits\10\Include\10.0.18362.0\um\GL\gl.h(1163,16): error C2086: 'int APIENTRY': 재정의
C:\Program Files (x86)\Windows Kits\10\Include\10.0.18362.0\um\GL\gl.h(1157): message : 'APIENTRY' 선언을 참조하십시오.
C:\Program Files (x86)\Windows Kits\10\Include\10.0.18362.0\um\GL\gl.h(1163,25): error C2146: 구문 오류: ';'이(가) 'glBitmap' 식별자 앞에 없습니다.
C:\Program Files (x86)\Windows Kits\10\Include\10.0.18362.0\um\GL\gl.h(1163,148): error C4430: 형식 지정자가 없습니다. int로 가정합니다. 참고: C++에서는 기본 int를 지원하지 않습니다.
C:\Program Files (x86)\Windows Kits\10\Include\10.0.18362.0\um\GL\gl.h(1164,11): error C2144: 구문 오류: void'은(는) ';' 다음에 와야 합니다.
C:\Program Files (x86)\Windows Kits\10\Include\10.0.18362.0\um\GL\gl.h(1164,16): error C4430: 형식 지정자가 없습니다. int로 가정합니다. 참고: C++에서는 기본 int를 지원하지 않습니다.
C:\Program Files (x86)\Windows Kits\10\Include\10.0.18362.0\um\GL\gl.h(1164,1): error C2086: 'int WINGDIAPI': 재정의
C:\Program Files (x86)\Windows Kits\10\Include\10.0.18362.0\um\GL\gl.h(1157): message : 'WINGDIAPI' 선언을 참조하십시오.
C:\Program Files (x86)\Windows Kits\10\Include\10.0.18362.0\um\GL\gl.h(1164,37): error C2182: 'APIENTRY': 'void' 형식을 잘못 사용했습니다.
C:\Program Files (x86)\Windows Kits\10\Include\10.0.18362.0\um\GL\gl.h(1164,16): error C2086: 'int APIENTRY': 재정의
C:\Program Files (x86)\Windows Kits\10\Include\10.0.18362.0\um\GL\gl.h(1157): message : 'APIENTRY' 선언을 참조하십시오.
C:\Program Files (x86)\Windows Kits\10\Include\10.0.18362.0\um\GL\gl.h(1164,25): error C2146: 구문 오류: ';'이(가) 'glBlendFunc' 식별자 앞에 없습니다.
C:\Program Files (x86)\Windows Kits\10\Include\10.0.18362.0\um\GL\gl.h(1164,69): error C4430: 형식 지정자가 없습니다. int로 가정합니다. 참고: C++에서는 기본 int를 지원하지 않습니다.
C:\Program Files (x86)\Windows Kits\10\Include\10.0.18362.0\um\GL\gl.h(1165,11): error C2144: 구문 오류: void'은(는) ';' 다음에 와야 합니다.
C:\Program Files (x86)\Windows Kits\10\Include\10.0.18362.0\um\GL\gl.h(1165,16): error C4430: 형식 지정자가 없습니다. int로 가정합니다. 참고: C++에서는 기본 int를 지원하지 않습니다.
C:\Program Files (x86)\Windows Kits\10\Include\10.0.18362.0\um\GL\gl.h(1165,1): error C2086: 'int WINGDIAPI': 재정의
C:\Program Files (x86)\Windows Kits\10\Include\10.0.18362.0\um\GL\gl.h(1157): message : 'WINGDIAPI' 선언을 참조하십시오.
C:\Program Files (x86)\Windows Kits\10\Include\10.0.18362.0\um\GL\gl.h(1165,36): error C2182: 'APIENTRY': 'void' 형식을 잘못 사용했습니다.
C:\Program Files (x86)\Windows Kits\10\Include\10.0.18362.0\um\GL\gl.h(1165,16): error C2086: 'int APIENTRY': 재정의
C:\Program Files (x86)\Windows Kits\10\Include\10.0.18362.0\um\GL\gl.h(1157): message : 'APIENTRY' 선언을 참조하십시오.
C:\Program Files (x86)\Windows Kits\10\Include\10.0.18362.0\um\GL\gl.h(1165,25): error C2146: 구문 오류: ';'이(가) 'glCallList' 식별자 앞에 없습니다.
C:\Program Files (x86)\Windows Kits\10\Include\10.0.18362.0\um\GL\gl.h(1165,49): error C4430: 형식 지정자가 없습니다. int로 가정합니다. 참고: C++에서는 기본 int를 지원하지 않습니다.
C:\Program Files (x86)\Windows Kits\10\Include\10.0.18362.0\um\GL\gl.h(1166,11): error C2144: 구문 오류: void'은(는) ';' 다음에 와야 합니다.
C:\Program Files (x86)\Windows Kits\10\Include\10.0.18362.0\um\GL\gl.h(1166,16): error C4430: 형식 지정자가 없습니다. int로 가정합니다. 참고: C++에서는 기본 int를 지원하지 않습니다.
C:\Program Files (x86)\Windows Kits\10\Include\10.0.18362.0\um\GL\gl.h(1166,1): error C2086: 'int WINGDIAPI': 재정의
C:\Program Files (x86)\Windows Kits\10\Include\10.0.18362.0\um\GL\gl.h(1157): message : 'WINGDIAPI' 선언을 참조하십시오.
C:\Program Files (x86)\Windows Kits\10\Include\10.0.18362.0\um\GL\gl.h(1166,37): error C2182: 'APIENTRY': 'void' 형식을 잘못 사용했습니다.
C:\Program Files (x86)\Windows Kits\10\Include\10.0.18362.0\um\GL\gl.h(1166,16): error C2086: 'int APIENTRY': 재정의
C:\Program Files (x86)\Windows Kits\10\Include\10.0.18362.0\um\GL\gl.h(1157): message : 'APIENTRY' 선언을 참조하십시오.
C:\Program Files (x86)\Windows Kits\10\Include\10.0.18362.0\um\GL\gl.h(1166,25): error C2146: 구문 오류: ';'이(가) 'glCallLists' 식별자 앞에 없습니다.
C:\Program Files (x86)\Windows Kits\10\Include\10.0.18362.0\um\GL\gl.h(1166,82): error C4430: 형식 지정자가 없습니다. int로 가정합니다. 참고: C++에서는 기본 int를 지원하지 않습니다.
C:\Program Files (x86)\Windows Kits\10\Include\10.0.18362.0\um\GL\gl.h(1167,11): error C2144: 구문 오류: void'은(는) ';' 다음에 와야 합니다.
C:\Program Files (x86)\Windows Kits\10\Include\10.0.18362.0\um\GL\gl.h(1167,16): error C4430: 형식 지정자가 없습니다. int로 가정합니다. 참고: C++에서는 기본 int를 지원하지 않습니다.
C:\Program Files (x86)\Windows Kits\10\Include\10.0.18362.0\um\GL\gl.h(1167,1): error C2086: 'int WINGDIAPI': 재정의
C:\Program Files (x86)\Windows Kits\10\Include\10.0.18362.0\um\GL\gl.h(1157): message : 'WINGDIAPI' 선언을 참조하십시오.
C:\Program Files (x86)\Windows Kits\10\Include\10.0.18362.0\um\GL\gl.h(1167,33): error C2182: 'APIENTRY': 'void' 형식을 잘못 사용했습니다.
C:\Program Files (x86)\Windows Kits\10\Include\10.0.18362.0\um\GL\gl.h(1167,16): error C2086: 'int APIENTRY': 재정의
C:\Program Files (x86)\Windows Kits\10\Include\10.0.18362.0\um\GL\gl.h(1157): message : 'APIENTRY' 선언을 참조하십시오.
C:\Program Files (x86)\Windows Kits\10\Include\10.0.18362.0\um\GL\gl.h(1167,25): error C2146: 구문 오류: ';'이(가) 'glClear' 식별자 앞에 없습니다.
C:\Program Files (x86)\Windows Kits\10\Include\10.0.18362.0\um\GL\gl.h(1167,50): error C4430: 형식 지정자가 없습니다. int로 가정합니다. 참고: C++에서는 기본 int를 지원하지 않습니다.
C:\Program Files (x86)\Windows Kits\10\Include\10.0.18362.0\um\GL\gl.h(1168,11): error C2144: 구문 오류: void'은(는) ';' 다음에 와야 합니다.
C:\Program Files (x86)\Windows Kits\10\Include\10.0.18362.0\um\GL\gl.h(1168,16): error C4430: 형식 지정자가 없습니다. int로 가정합니다. 참고: C++에서는 기본 int를 지원하지 않습니다.
C:\Program Files (x86)\Windows Kits\10\Include\10.0.18362.0\um\GL\gl.h(1168,1): error C2086: 'int WINGDIAPI': 재정의
C:\Program Files (x86)\Windows Kits\10\Include\10.0.18362.0\um\GL\gl.h(1157): message : 'WINGDIAPI' 선언을 참조하십시오.
C:\Program Files (x86)\Windows Kits\10\Include\10.0.18362.0\um\GL\gl.h(1168,38): error C2182: 'APIENTRY': 'void' 형식을 잘못 사용했습니다.
C:\Program Files (x86)\Windows Kits\10\Include\10.0.18362.0\um\GL\gl.h(1168,16): error C2086: 'int APIENTRY': 재정의
C:\Program Files (x86)\Windows Kits\10\Include\10.0.18362.0\um\GL\gl.h(1157): message : 'APIENTRY' 선언을 참조하십시오.
C:\Program Files (x86)\Windows Kits\10\Include\10.0.18362.0\um\GL\gl.h(1168,25): error C2146: 구문 오류: ';'이(가) 'glClearAccum' 식별자 앞에 없습니다.
C:\Program Files (x86)\Windows Kits\10\Include\10.0.18362.0\um\GL\gl.h(1168,95): error C4430: 형식 지정자가 없습니다. int로 가정합니다. 참고: C++에서는 기본 int를 지원하지 않습니다.
C:\Program Files (x86)\Windows Kits\10\Include\10.0.18362.0\um\GL\gl.h(1169,11): error C2144: 구문 오류: void'은(는) ';' 다음에 와야 합니다.
C:\Program Files (x86)\Windows Kits\10\Include\10.0.18362.0\um\GL\gl.h(1169,16): error C4430: 형식 지정자가 없습니다. int로 가정합니다. 참고: C++에서는 기본 int를 지원하지 않습니다.
C:\Program Files (x86)\Windows Kits\10\Include\10.0.18362.0\um\GL\gl.h(1169,1): error C2086: 'int WINGDIAPI': 재정의
C:\Program Files (x86)\Windows Kits\10\Include\10.0.18362.0\um\GL\gl.h(1157): message : 'WINGDIAPI' 선언을 참조하십시오.
C:\Program Files (x86)\Windows Kits\10\Include\10.0.18362.0\um\GL\gl.h(1169,38): error C2182: 'APIENTRY': 'void' 형식을 잘못 사용했습니다.
C:\Program Files (x86)\Windows Kits\10\Include\10.0.18362.0\um\GL\gl.h(1169,16): error C2086: 'int APIENTRY': 재정의
C:\Program Files (x86)\Windows Kits\10\Include\10.0.18362.0\um\GL\gl.h(1157): message : 'APIENTRY' 선언을 참조하십시오.
C:\Program Files (x86)\Windows Kits\10\Include\10.0.18362.0\um\GL\gl.h(1169,25): error C2146: 구문 오류: ';'이(가) 'glClearColor' 식별자 앞에 없습니다.
C:\Program Files (x86)\Windows Kits\10\Include\10.0.18362.0\um\GL\gl.h(1169,99): error C4430: 형식 지정자가 없습니다. int로 가정합니다. 참고: C++에서는 기본 int를 지원하지 않습니다.
C:\Program Files (x86)\Windows Kits\10\Include\10.0.18362.0\um\GL\gl.h(1170,11): error C2144: 구문 오류: void'은(는) ';' 다음에 와야 합니다.
C:\Program Files (x86)\Windows Kits\10\Include\10.0.18362.0\um\GL\gl.h(1170,16): error C4430: 형식 지정자가 없습니다. int로 가정합니다. 참고: C++에서는 기본 int를 지원하지 않습니다.
C:\Program Files (x86)\Windows Kits\10\Include\10.0.18362.0\um\GL\gl.h(1170,1): error C2086: 'int WINGDIAPI': 재정의
C:\Program Files (x86)\Windows Kits\10\Include\10.0.18362.0\um\GL\gl.h(1157): message : 'WINGDIAPI' 선언을 참조하십시오.
C:\Program Files (x86)\Windows Kits\10\Include\10.0.18362.0\um\GL\gl.h(1170,38): error C2182: 'APIENTRY': 'void' 형식을 잘못 사용했습니다.
C:\Program Files (x86)\Windows Kits\10\Include\10.0.18362.0\um\GL\gl.h(1170,16): error C2086: 'int APIENTRY': 재정의
C:\Program Files (x86)\Windows Kits\10\Include\10.0.18362.0\um\GL\gl.h(1157): message : 'APIENTRY' 선언을 참조하십시오.
C:\Program Files (x86)\Windows Kits\10\Include\10.0.18362.0\um\GL\gl.h(1170,25): error C2146: 구문 오류: ';'이(가) 'glClearDepth' 식별자 앞에 없습니다.
C:\Program Files (x86)\Windows Kits\10\Include\10.0.18362.0\um\GL\gl.h(1170,54): error C4430: 형식 지정자가 없습니다. int로 가정합니다. 참고: C++에서는 기본 int를 지원하지 않습니다.
C:\Program Files (x86)\Windows Kits\10\Include\10.0.18362.0\um\GL\gl.h(1171,11): error C2144: 구문 오류: void'은(는) ';' 다음에 와야 합니다.
C:\Program Files (x86)\Windows Kits\10\Include\10.0.18362.0\um\GL\gl.h(1171,16): error C4430: 형식 지정자가 없습니다. int로 가정합니다. 참고: C++에서는 기본 int를 지원하지 않습니다.
C:\Program Files (x86)\Windows Kits\10\Include\10.0.18362.0\um\GL\gl.h(1171,1): error C2086: 'int WINGDIAPI': 재정의
C:\Program Files (x86)\Windows Kits\10\Include\10.0.18362.0\um\GL\gl.h(1157): message : 'WINGDIAPI' 선언을 참조하십시오.
C:\Program Files (x86)\Windows Kits\10\Include\10.0.18362.0\um\GL\gl.h(1171,38): error C2182: 'APIENTRY': 'void' 형식을 잘못 사용했습니다.
C:\Program Files (x86)\Windows Kits\10\Include\10.0.18362.0\um\GL\gl.h(1171,16): error C2086: 'int APIENTRY': 재정의
C:\Program Files (x86)\Windows Kits\10\Include\10.0.18362.0\um\GL\gl.h(1157): message : 'APIENTRY' 선언을 참조하십시오.
C:\Program Files (x86)\Windows Kits\10\Include\10.0.18362.0\um\GL\gl.h(1171,25): error C2146: 구문 오류: ';'이(가) 'glClearIndex' 식별자 앞에 없습니다.
C:\Program Files (x86)\Windows Kits\10\Include\10.0.18362.0\um\GL\gl.h(1171,49): error C4430: 형식 지정자가 없습니다. int로 가정합니다. 참고: C++에서는 기본 int를 지원하지 않습니다.
C:\Program Files (x86)\Windows Kits\10\Include\10.0.18362.0\um\GL\gl.h(1172,11): error C2144: 구문 오류: void'은(는) ';' 다음에 와야 합니다.
C:\Program Files (x86)\Windows Kits\10\Include\10.0.18362.0\um\GL\gl.h(1172,16): error C4430: 형식 지정자가 없습니다. int로 가정합니다. 참고: C++에서는 기본 int를 지원하지 않습니다.
C:\Program Files (x86)\Windows Kits\10\Include\10.0.18362.0\um\GL\gl.h(1172,1): error C2086: 'int WINGDIAPI': 재정의
C:\Program Files (x86)\Windows Kits\10\Include\10.0.18362.0\um\GL\gl.h(1157): message : 'WINGDIAPI' 선언을 참조하십시오.
C:\Program Files (x86)\Windows Kits\10\Include\10.0.18362.0\um\GL\gl.h(1172,40): error C2182: 'APIENTRY': 'void' 형식을 잘못 사용했습니다.
C:\Program Files (x86)\Windows Kits\10\Include\10.0.18362.0\um\GL\gl.h(1172,16): error C2086: 'int APIENTRY': 재정의
C:\Program Files (x86)\Windows Kits\10\Include\10.0.18362.0\um\GL\gl.h(1157): message : 'APIENTRY' 선언을 참조하십시오.
C:\Program Files (x86)\Windows Kits\10\Include\10.0.18362.0\um\GL\gl.h(1172,25): error C2146: 구문 오류: ';'이(가) 'glClearStencil' 식별자 앞에 없습니다.
C:\Program Files (x86)\Windows Kits\10\Include\10.0.18362.0\um\GL\gl.h(1172,49): error C4430: 형식 지정자가 없습니다. int로 가정합니다. 참고: C++에서는 기본 int를 지원하지 않습니다.
C:\Program Files (x86)\Windows Kits\10\Include\10.0.18362.0\um\GL\gl.h(1173,11): error C2144: 구문 오류: void'은(는) ';' 다음에 와야 합니다.
C:\Program Files (x86)\Windows Kits\10\Include\10.0.18362.0\um\GL\gl.h(1173,16): error C4430: 형식 지정자가 없습니다. int로 가정합니다. 참고: C++에서는 기본 int를 지원하지 않습니다.
C:\Program Files (x86)\Windows Kits\10\Include\10.0.18362.0\um\GL\gl.h(1173,1): error C2086: 'int WINGDIAPI': 재정의
C:\Program Files (x86)\Windows Kits\10\Include\10.0.18362.0\um\GL\gl.h(1157): message : 'WINGDIAPI' 선언을 참조하십시오.
C:\Program Files (x86)\Windows Kits\10\Include\10.0.18362.0\um\GL\gl.h(1173,37): error C2182: 'APIENTRY': 'void' 형식을 잘못 사용했습니다.
C:\Program Files (x86)\Windows Kits\10\Include\10.0.18362.0\um\GL\gl.h(1173,16): error C2086: 'int APIENTRY': 재정의
C:\Program Files (x86)\Windows Kits\10\Include\10.0.18362.0\um\GL\gl.h(1157): message : 'APIENTRY' 선언을 참조하십시오.
C:\Program Files (x86)\Windows Kits\10\Include\10.0.18362.0\um\GL\gl.h(1173,25): error C2146: 구문 오류: ';'이(가) 'glClipPlane' 식별자 앞에 없습니다.
C:\Program Files (x86)\Windows Kits\10\Include\10.0.18362.0\um\GL\gl.h(1173,77): error C4430: 형식 지정자가 없습니다. int로 가정합니다. 참고: C++에서는 기본 int를 지원하지 않습니다.
C:\Program Files (x86)\Windows Kits\10\Include\10.0.18362.0\um\GL\gl.h(1174,11): error C2144: 구문 오류: void'은(는) ';' 다음에 와야 합니다.
C:\Program Files (x86)\Windows Kits\10\Include\10.0.18362.0\um\GL\gl.h(1174,16): error C4430: 형식 지정자가 없습니다. int로 가정합니다. 참고: C++에서는 기본 int를 지원하지 않습니다.
C:\Program Files (x86)\Windows Kits\10\Include\10.0.18362.0\um\GL\gl.h(1174,1): error C2086: 'int WINGDIAPI': 재정의
C:\Program Files (x86)\Windows Kits\10\Include\10.0.18362.0\um\GL\gl.h(1157): message : 'WINGDIAPI' 선언을 참조하십시오.
C:\Program Files (x86)\Windows Kits\10\Include\10.0.18362.0\um\GL\gl.h(1174,35): error C2182: 'APIENTRY': 'void' 형식을 잘못 사용했습니다.
C:\Program Files (x86)\Windows Kits\10\Include\10.0.18362.0\um\GL\gl.h(1174,16): error C2086: 'int APIENTRY': 재정의
C:\Program Files (x86)\Windows Kits\10\Include\10.0.18362.0\um\GL\gl.h(1157): message : 'APIENTRY' 선언을 참조하십시오.
C:\Program Files (x86)\Windows Kits\10\Include\10.0.18362.0\um\GL\gl.h(1174,25): error C2146: 구문 오류: ';'이(가) 'glColor3b' 식별자 앞에 없습니다.
C:\Program Files (x86)\Windows Kits\10\Include\10.0.18362.0\um\GL\gl.h(1174,74): error C4430: 형식 지정자가 없습니다. int로 가정합니다. 참고: C++에서는 기본 int를 지원하지 않습니다.
C:\Program Files (x86)\Windows Kits\10\Include\10.0.18362.0\um\GL\gl.h(1175,11): error C2144: 구문 오류: void'은(는) ';' 다음에 와야 합니다.
C:\Program Files (x86)\Windows Kits\10\Include\10.0.18362.0\um\GL\gl.h(1175,16): error C4430: 형식 지정자가 없습니다. int로 가정합니다. 참고: C++에서는 기본 int를 지원하지 않습니다.
C:\Program Files (x86)\Windows Kits\10\Include\10.0.18362.0\um\GL\gl.h(1175,1): error C2086: 'int WINGDIAPI': 재정의
C:\Program Files (x86)\Windows Kits\10\Include\10.0.18362.0\um\GL\gl.h(1157): message : 'WINGDIAPI' 선언을 참조하십시오.
C:\Program Files (x86)\Windows Kits\10\Include\10.0.18362.0\um\GL\gl.h(1175,36): error C2182: 'APIENTRY': 'void' 형식을 잘못 사용했습니다.
C:\Program Files (x86)\Windows Kits\10\Include\10.0.18362.0\um\GL\gl.h(1175,16): error C2086: 'int APIENTRY': 재정의
C:\Program Files (x86)\Windows Kits\10\Include\10.0.18362.0\um\GL\gl.h(1157): message : 'APIENTRY' 선언을 참조하십시오.
C:\Program Files (x86)\Windows Kits\10\Include\10.0.18362.0\um\GL\gl.h(1175,25): error C2146: 구문 오류: ';'이(가) 'glColor3bv' 식별자 앞에 없습니다.
C:\Program Files (x86)\Windows Kits\10\Include\10.0.18362.0\um\GL\gl.h(1175,53): error C4430: 형식 지정자가 없습니다. int로 가정합니다. 참고: C++에서는 기본 int를 지원하지 않습니다.
C:\Program Files (x86)\Windows Kits\10\Include\10.0.18362.0\um\GL\gl.h(1176,11): error C2144: 구문 오류: void'은(는) ';' 다음에 와야 합니다.
C:\Program Files (x86)\Windows Kits\10\Include\10.0.18362.0\um\GL\gl.h(1176,16): error C4430: 형식 지정자가 없습니다. int로 가정합니다. 참고: C++에서는 기본 int를 지원하지 않습니다.
C:\Program Files (x86)\Windows Kits\10\Include\10.0.18362.0\um\GL\gl.h(1176,1): error C2086: 'int WINGDIAPI': 재정의
C:\Program Files (x86)\Windows Kits\10\Include\10.0.18362.0\um\GL\gl.h(1157): message : 'WINGDIAPI' 선언을 참조하십시오.
C:\Program Files (x86)\Windows Kits\10\Include\10.0.18362.0\um\GL\gl.h(1176,35): error C2182: 'APIENTRY': 'void' 형식을 잘못 사용했습니다.
C:\Program Files (x86)\Windows Kits\10\Include\10.0.18362.0\um\GL\gl.h(1176,16): error C2086: 'int APIENTRY': 재정의
C:\Program Files (x86)\Windows Kits\10\Include\10.0.18362.0\um\GL\gl.h(1157): message : 'APIENTRY' 선언을 참조하십시오.
C:\Program Files (x86)\Windows Kits\10\Include\10.0.18362.0\um\GL\gl.h(1176,25): error C2146: 구문 오류: ';'이(가) 'glColor3d' 식별자 앞에 없습니다.
C:\Program Files (x86)\Windows Kits\10\Include\10.0.18362.0\um\GL\gl.h(1176,80): error C4430: 형식 지정자가 없습니다. int로 가정합니다. 참고: C++에서는 기본 int를 지원하지 않습니다.
C:\Program Files (x86)\Windows Kits\10\Include\10.0.18362.0\um\GL\gl.h(1177,11): error C2144: 구문 오류: void'은(는) ';' 다음에 와야 합니다.
C:\Program Files (x86)\Windows Kits\10\Include\10.0.18362.0\um\GL\gl.h(1177,16): error C4430: 형식 지정자가 없습니다. int로 가정합니다. 참고: C++에서는 기본 int를 지원하지 않습니다.
C:\Program Files (x86)\Windows Kits\10\Include\10.0.18362.0\um\GL\gl.h(1177,1): error C2086: 'int WINGDIAPI': 재정의
C:\Program Files (x86)\Windows Kits\10\Include\10.0.18362.0\um\GL\gl.h(1157): message : 'WINGDIAPI' 선언을 참조하십시오.
C:\Program Files (x86)\Windows Kits\10\Include\10.0.18362.0\um\GL\gl.h(1177,36): error C2182: 'APIENTRY': 'void' 형식을 잘못 사용했습니다.
C:\Program Files (x86)\Windows Kits\10\Include\10.0.18362.0\um\GL\gl.h(1177,16): error C2086: 'int APIENTRY': 재정의
C:\Program Files (x86)\Windows Kits\10\Include\10.0.18362.0\um\GL\gl.h(1157): message : 'APIENTRY' 선언을 참조하십시오.
C:\Program Files (x86)\Windows Kits\10\Include\10.0.18362.0\um\GL\gl.h(1177,25): error C2146: 구문 오류: ';'이(가) 'glColor3dv' 식별자 앞에 없습니다.
C:\Program Files (x86)\Windows Kits\10\Include\10.0.18362.0\um\GL\gl.h(1177,55): error C4430: 형식 지정자가 없습니다. int로 가정합니다. 참고: C++에서는 기본 int를 지원하지 않습니다.
C:\Program Files (x86)\Windows Kits\10\Include\10.0.18362.0\um\GL\gl.h(1178,11): error C2144: 구문 오류: void'은(는) ';' 다음에 와야 합니다.
C:\Program Files (x86)\Windows Kits\10\Include\10.0.18362.0\um\GL\gl.h(1178,16): fatal error C1003: 오류 수가 100개를 초과했습니다. 컴파일을 중지합니다.
